<?xml version="1.0" encoding="UTF-8"?>
<!-- Generated by org.testng.reporters.JUnitReportReporter -->
<testsuite skipped="0" hostname="DESKTOP-SHS08M3" name="LoginTest.AdminModel" tests="1" failures="0" timestamp="03 Apr 2018 13:56:34 GMT" time="8.093" errors="0">
  <testcase name="adminModel" time="8.093" classname="LoginTest.AdminModel"/>
</testsuite> <!-- LoginTest.AdminModel -->
