<?xml version="1.0" encoding="UTF-8"?>
<!-- Generated by org.testng.reporters.JUnitReportReporter -->
<testsuite skipped="0" hostname="DESKTOP-SHS08M3" name="LoginTest.Adduser" tests="1" failures="0" timestamp="03 Apr 2018 13:56:34 GMT" time="40.886" errors="0">
  <testcase name="adduser" time="40.886" classname="LoginTest.Adduser"/>
</testsuite> <!-- LoginTest.Adduser -->
