<?xml version="1.0" encoding="UTF-8"?>
<!-- Generated by org.testng.reporters.JUnitReportReporter -->
<testsuite skipped="0" hostname="DESKTOP-SHS08M3" name="mainpage.TestMainPage" tests="1" failures="0" timestamp="06 Apr 2018 17:59:47 GMT" time="77.317" errors="0">
  <testcase name="testmainpage" time="77.317" classname="mainpage.TestMainPage"/>
</testsuite> <!-- mainpage.TestMainPage -->
