<?xml version="1.0" encoding="UTF-8"?>
<!-- Generated by org.testng.reporters.JUnitReportReporter -->
<testsuite skipped="0" hostname="DESKTOP-SHS08M3" name="Homepage.Homepage" tests="1" failures="0" timestamp="10 Apr 2018 05:03:09 GMT" time="30.678" errors="0">
  <testcase name="homepage" time="30.678" classname="Homepage.Homepage"/>
</testsuite> <!-- Homepage.Homepage -->
